0 info it worked if it ends with ok
1 verbose cli [ 'node', '/usr/local/bin/npm', 'install', 'fs' ]
2 info using npm@1.2.2
3 info using node@v0.8.18
4 verbose read json /Users/tymerry/Documents/sites/FatCowSite/breatheasy/package.json
5 verbose read json /Users/tymerry/Documents/sites/FatCowSite/breatheasy/node_modules/querystring/package.json
6 verbose read json /Users/tymerry/Documents/sites/FatCowSite/breatheasy/package.json
7 verbose cache add [ 'fs', null ]
8 verbose cache add name=undefined spec="fs" args=["fs",null]
9 verbose parsed url { pathname: 'fs', path: 'fs', href: 'fs' }
10 silly lockFile 3f4bb586-fs fs
11 verbose lock fs /Users/tymerry/.npm/3f4bb586-fs.lock
12 silly lockFile 3f4bb586-fs fs
13 verbose addNamed [ 'fs', '' ]
14 verbose addNamed [ null, '' ]
15 silly lockFile a107b96b-fs fs@
16 verbose lock fs@ /Users/tymerry/.npm/a107b96b-fs.lock
17 silly addNameRange { name: 'fs', range: '', hasData: false }
18 verbose url raw fs
19 verbose url resolving [ 'https://registry.npmjs.org/', './fs' ]
20 verbose url resolved https://registry.npmjs.org/fs
21 info trying registry request attempt 1 at 15:42:01
22 http GET https://registry.npmjs.org/fs
23 http 404 https://registry.npmjs.org/fs
24 silly registry.get cb [ 404,
24 silly registry.get   { server: 'CouchDB/1.3.1 (Erlang OTP/R15B03)',
24 silly registry.get     date: 'Sat, 02 Nov 2013 21:42:00 GMT',
24 silly registry.get     'content-type': 'application/json',
24 silly registry.get     'content-length': '52',
24 silly registry.get     'cache-control': 'must-revalidate' } ]
25 silly lockFile a107b96b-fs fs@
26 error 404 'fs' is not in the npm registry.
26 error 404 You should bug the author to publish it
26 error 404
26 error 404 Note that you can also install from a
26 error 404 tarball, folder, or http url, or git url.
27 error System Darwin 13.0.0
28 error command "node" "/usr/local/bin/npm" "install" "fs"
29 error cwd /Users/tymerry/Documents/sites/FatCowSite/breatheasy
30 error node -v v0.8.18
31 error npm -v 1.2.2
32 error code E404
33 verbose exit [ 1, true ]
